ERROR - 2023-01-21 22:39:59 --> mysqli_sql_exception: Column 'nombreIndicador' cannot be null in C:\laragon\www\Prueba_Tecnica_CRUD_CI\system\Database\MySQLi\Connection.php:295
Stack trace:
#0 C:\laragon\www\Prueba_Tecnica_CRUD_CI\system\Database\MySQLi\Connection.php(295): mysqli->query('INSERT INTO `in...', 0)
#1 C:\laragon\www\Prueba_Tecnica_CRUD_CI\system\Database\BaseConnection.php(691): CodeIgniter\Database\MySQLi\Connection->execute('INSERT INTO `in...')
#2 C:\laragon\www\Prueba_Tecnica_CRUD_CI\system\Database\BaseConnection.php(605): CodeIgniter\Database\BaseConnection->simpleQuery('INSERT INTO `in...')
#3 C:\laragon\www\Prueba_Tecnica_CRUD_CI\system\Database\BaseBuilder.php(2294): CodeIgniter\Database\BaseConnection->query('INSERT INTO `in...', Array, false)
#4 C:\laragon\www\Prueba_Tecnica_CRUD_CI\app\Models\informacionHistoricaModel.php(19): CodeIgniter\Database\BaseBuilder->insert(Array)
#5 C:\laragon\www\Prueba_Tecnica_CRUD_CI\app\Controllers\InformacionHistorica.php(38): App\Models\InformacionHistoricaModel->insertar_data(Array)
#6 C:\laragon\www\Prueba_Tecnica_CRUD_CI\system\CodeIgniter.php(934): App\Controllers\InformacionHistorica->guardar()
#7 C:\laragon\www\Prueba_Tecnica_CRUD_CI\system\CodeIgniter.php(499): CodeIgniter\CodeIgniter->runController(Object(App\Controllers\InformacionHistorica))
#8 C:\laragon\www\Prueba_Tecnica_CRUD_CI\system\CodeIgniter.php(368): CodeIgniter\CodeIgniter->handleRequest(NULL, Object(Config\Cache), false)
#9 C:\laragon\www\Prueba_Tecnica_CRUD_CI\public\index.php(67): CodeIgniter\CodeIgniter->run()
#10 {main}
CRITICAL - 2023-01-21 22:39:59 --> Column 'nombreIndicador' cannot be null
in SYSTEMPATH\Database\BaseConnection.php on line 645.
 1 SYSTEMPATH\Database\BaseBuilder.php(2294): CodeIgniter\Database\BaseConnection->query('INSERT INTO `informacionfinanciero` (`nombreIndicador`, `codigoIndicador`, `unidadMedidaIndicador`, `valorIndicador`, `fechaIndicador`) VALUES (:nombreIndicador:, :codigoIndicador:, :unidadMedidaIndicador:, :valorIndicador:, :fechaIndicador:)', [...], false)
 2 APPPATH\Models\informacionHistoricaModel.php(19): CodeIgniter\Database\BaseBuilder->insert([...])
 3 APPPATH\Controllers\InformacionHistorica.php(38): App\Models\InformacionHistoricaModel->insertar_data([...])
 4 SYSTEMPATH\CodeIgniter.php(934): App\Controllers\InformacionHistorica->guardar()
 5 SYSTEMPATH\CodeIgniter.php(499): CodeIgniter\CodeIgniter->runController(Object(App\Controllers\InformacionHistorica))
 6 SYSTEMPATH\CodeIgniter.php(368): CodeIgniter\CodeIgniter->handleRequest(null, Object(Config\Cache), false)
 7 FCPATH\index.php(67): CodeIgniter\CodeIgniter->run()
ERROR - 2023-01-21 22:43:53 --> mysqli_sql_exception: Column 'nombreIndicador' cannot be null in C:\laragon\www\Prueba_Tecnica_CRUD_CI\system\Database\MySQLi\Connection.php:295
Stack trace:
#0 C:\laragon\www\Prueba_Tecnica_CRUD_CI\system\Database\MySQLi\Connection.php(295): mysqli->query('INSERT INTO `in...', 0)
#1 C:\laragon\www\Prueba_Tecnica_CRUD_CI\system\Database\BaseConnection.php(691): CodeIgniter\Database\MySQLi\Connection->execute('INSERT INTO `in...')
#2 C:\laragon\www\Prueba_Tecnica_CRUD_CI\system\Database\BaseConnection.php(605): CodeIgniter\Database\BaseConnection->simpleQuery('INSERT INTO `in...')
#3 C:\laragon\www\Prueba_Tecnica_CRUD_CI\system\Database\BaseBuilder.php(2294): CodeIgniter\Database\BaseConnection->query('INSERT INTO `in...', Array, false)
#4 C:\laragon\www\Prueba_Tecnica_CRUD_CI\app\Models\informacionHistoricaModel.php(19): CodeIgniter\Database\BaseBuilder->insert(Array)
#5 C:\laragon\www\Prueba_Tecnica_CRUD_CI\app\Controllers\InformacionHistorica.php(38): App\Models\InformacionHistoricaModel->insertar_data(Array)
#6 C:\laragon\www\Prueba_Tecnica_CRUD_CI\system\CodeIgniter.php(934): App\Controllers\InformacionHistorica->guardar()
#7 C:\laragon\www\Prueba_Tecnica_CRUD_CI\system\CodeIgniter.php(499): CodeIgniter\CodeIgniter->runController(Object(App\Controllers\InformacionHistorica))
#8 C:\laragon\www\Prueba_Tecnica_CRUD_CI\system\CodeIgniter.php(368): CodeIgniter\CodeIgniter->handleRequest(NULL, Object(Config\Cache), false)
#9 C:\laragon\www\Prueba_Tecnica_CRUD_CI\public\index.php(67): CodeIgniter\CodeIgniter->run()
#10 {main}
CRITICAL - 2023-01-21 22:43:53 --> Column 'nombreIndicador' cannot be null
in SYSTEMPATH\Database\BaseConnection.php on line 645.
 1 SYSTEMPATH\Database\BaseBuilder.php(2294): CodeIgniter\Database\BaseConnection->query('INSERT INTO `informacionfinanciero` (`nombreIndicador`, `codigoIndicador`, `unidadMedidaIndicador`, `valorIndicador`, `fechaIndicador`) VALUES (:nombreIndicador:, :codigoIndicador:, :unidadMedidaIndicador:, :valorIndicador:, :fechaIndicador:)', [...], false)
 2 APPPATH\Models\informacionHistoricaModel.php(19): CodeIgniter\Database\BaseBuilder->insert([...])
 3 APPPATH\Controllers\InformacionHistorica.php(38): App\Models\InformacionHistoricaModel->insertar_data([...])
 4 SYSTEMPATH\CodeIgniter.php(934): App\Controllers\InformacionHistorica->guardar()
 5 SYSTEMPATH\CodeIgniter.php(499): CodeIgniter\CodeIgniter->runController(Object(App\Controllers\InformacionHistorica))
 6 SYSTEMPATH\CodeIgniter.php(368): CodeIgniter\CodeIgniter->handleRequest(null, Object(Config\Cache), false)
 7 FCPATH\index.php(67): CodeIgniter\CodeIgniter->run()
ERROR - 2023-01-21 22:49:43 --> mysqli_sql_exception: Column 'nombreIndicador' cannot be null in C:\laragon\www\Prueba_Tecnica_CRUD_CI\system\Database\MySQLi\Connection.php:295
Stack trace:
#0 C:\laragon\www\Prueba_Tecnica_CRUD_CI\system\Database\MySQLi\Connection.php(295): mysqli->query('INSERT INTO `in...', 0)
#1 C:\laragon\www\Prueba_Tecnica_CRUD_CI\system\Database\BaseConnection.php(691): CodeIgniter\Database\MySQLi\Connection->execute('INSERT INTO `in...')
#2 C:\laragon\www\Prueba_Tecnica_CRUD_CI\system\Database\BaseConnection.php(605): CodeIgniter\Database\BaseConnection->simpleQuery('INSERT INTO `in...')
#3 C:\laragon\www\Prueba_Tecnica_CRUD_CI\system\Database\BaseBuilder.php(2294): CodeIgniter\Database\BaseConnection->query('INSERT INTO `in...', Array, false)
#4 C:\laragon\www\Prueba_Tecnica_CRUD_CI\app\Models\informacionHistoricaModel.php(19): CodeIgniter\Database\BaseBuilder->insert(Array)
#5 C:\laragon\www\Prueba_Tecnica_CRUD_CI\app\Controllers\InformacionHistorica.php(38): App\Models\InformacionHistoricaModel->insertar_data(Array)
#6 C:\laragon\www\Prueba_Tecnica_CRUD_CI\system\CodeIgniter.php(934): App\Controllers\InformacionHistorica->guardar()
#7 C:\laragon\www\Prueba_Tecnica_CRUD_CI\system\CodeIgniter.php(499): CodeIgniter\CodeIgniter->runController(Object(App\Controllers\InformacionHistorica))
#8 C:\laragon\www\Prueba_Tecnica_CRUD_CI\system\CodeIgniter.php(368): CodeIgniter\CodeIgniter->handleRequest(NULL, Object(Config\Cache), false)
#9 C:\laragon\www\Prueba_Tecnica_CRUD_CI\public\index.php(67): CodeIgniter\CodeIgniter->run()
#10 {main}
CRITICAL - 2023-01-21 22:49:43 --> Column 'nombreIndicador' cannot be null
in SYSTEMPATH\Database\BaseConnection.php on line 645.
 1 SYSTEMPATH\Database\BaseBuilder.php(2294): CodeIgniter\Database\BaseConnection->query('INSERT INTO `informacionfinanciero` (`nombreIndicador`, `codigoIndicador`, `unidadMedidaIndicador`, `valorIndicador`, `fechaIndicador`) VALUES (:nombreIndicador:, :codigoIndicador:, :unidadMedidaIndicador:, :valorIndicador:, :fechaIndicador:)', [...], false)
 2 APPPATH\Models\informacionHistoricaModel.php(19): CodeIgniter\Database\BaseBuilder->insert([...])
 3 APPPATH\Controllers\InformacionHistorica.php(38): App\Models\InformacionHistoricaModel->insertar_data([...])
 4 SYSTEMPATH\CodeIgniter.php(934): App\Controllers\InformacionHistorica->guardar()
 5 SYSTEMPATH\CodeIgniter.php(499): CodeIgniter\CodeIgniter->runController(Object(App\Controllers\InformacionHistorica))
 6 SYSTEMPATH\CodeIgniter.php(368): CodeIgniter\CodeIgniter->handleRequest(null, Object(Config\Cache), false)
 7 FCPATH\index.php(67): CodeIgniter\CodeIgniter->run()
CRITICAL - 2023-01-21 22:58:46 --> Call to undefined method App\Models\InformacionHistoricaModel::actualizar
in SYSTEMPATH\Model.php on line 840.
 1 APPPATH\Controllers\InformacionHistorica.php(81): CodeIgniter\Model->__call('actualizar', [...])
 2 SYSTEMPATH\CodeIgniter.php(934): App\Controllers\InformacionHistorica->actualizar()
 3 SYSTEMPATH\CodeIgniter.php(499): CodeIgniter\CodeIgniter->runController(Object(App\Controllers\InformacionHistorica))
 4 SYSTEMPATH\CodeIgniter.php(368): CodeIgniter\CodeIgniter->handleRequest(null, Object(Config\Cache), false)
 5 FCPATH\index.php(67): CodeIgniter\CodeIgniter->run()
